[INFO] -------------------------------------------------------------
[ERROR] COMPILATION ERROR :
[INFO] -------------------------------------------------------------
[ERROR] /C:/Users/UU47VT/dd-new/P33558-DataDistributorAPI/DataDistribution/src/main/java/com/ing/datadist/api/service/OrganisationUnitService.java:[31,38] cannot find symbol       
  symbol:   class OrganisationUnitCreationException
  location: package com.ing.datadist.api.exception
[ERROR] /C:/Users/UU47VT/dd-new/P33558-DataDistributorAPI/DataDistribution/src/main/java/com/ing/datadist/api/service/OrganisationUnitService.java:[32,38] cannot find symbol       
  symbol:   class ExternalIdentifierUpdateException
  location: package com.ing.datadist.api.exception
[ERROR] /C:/Users/UU47VT/dd-new/P33558-DataDistributorAPI/DataDistribution/src/main/java/com/ing/datadist/api/service/OrganisationUnitService.java:[33,38] cannot find symbol       
  symbol:   class PostalAddressCreationException
  location: package com.ing.datadist.api.exception
[ERROR] /C:/Users/UU47VT/dd-new/P33558-DataDistributorAPI/DataDistribution/src/main/java/com/ing/datadist/api/service/OrganisationUnitService.java:[34,38] cannot find symbol       
  symbol:   class OrganisationHierarchyCreationException
  location: package com.ing.datadist.api.exception
[INFO] 4 errors
[INFO] -------------------------------------------------------------
[INFO] ------------------------------------------------------------------------
[INFO] BUILD FAILURE
[INFO] ------------------------------------------------------------------------
[INFO] Total time:  12.559 s
[INFO] Finished at: 2025-11-17T17:05:21+05:30
[INFO] ------------------------------------------------------------------------
[ERROR] Failed to execute goal org.apache.maven.plugins:maven-compiler-plugin:3.14.0:compile (default-compile) on project DataDistribution: Compilation failure: Compilation failure:
[ERROR] /C:/Users/UU47VT/dd-new/P33558-DataDistributorAPI/DataDistribution/src/main/java/com/ing/datadist/api/service/OrganisationUnitService.java:[31,38] cannot find symbol       
[ERROR]   symbol:   class OrganisationUnitCreationException
[ERROR]   location: package com.ing.datadist.api.exception
[ERROR] /C:/Users/UU47VT/dd-new/P33558-DataDistributorAPI/DataDistribution/src/main/java/com/ing/datadist/api/service/OrganisationUnitService.java:[32,38] cannot find symbol       
[ERROR]   symbol:   class ExternalIdentifierUpdateException
[ERROR]   location: package com.ing.datadist.api.exception
[ERROR] /C:/Users/UU47VT/dd-new/P33558-DataDistributorAPI/DataDistribution/src/main/java/com/ing/datadist/api/service/OrganisationUnitService.java:[33,38] cannot find symbol       
[ERROR]   symbol:   class PostalAddressCreationException
[ERROR]   location: package com.ing.datadist.api.exception
[ERROR] /C:/Users/UU47VT/dd-new/P33558-DataDistributorAPI/DataDistribution/src/main/java/com/ing/datadist/api/service/OrganisationUnitService.java:[34,38] cannot find symbol       
[ERROR]   symbol:   class OrganisationHierarchyCreationException
[ERROR]   location: package com.ing.datadist.api.exception
[ERROR] -> [Help 1]
[ERROR]
[ERROR] To see the full stack trace of the errors, re-run Maven with the -e switch.
[ERROR] Re-run Maven using the -X switch to enable full debug logging.
[ERROR]
[ERROR] For more information about the errors and possible solutions, please read the following articles:
[ERROR] [Help 1] http://cwiki.apache.org/confluence/display/MAVEN/MojoFailureException
PS C:\Users\UU47VT\dd-new\P33558-DataDistributorAPI\DataDistribution> 
